2021-06-13 22:35:49,726 - instabot version: 0.117.0 (bot) - INFO - Instabot version: 0.117.0 Started
2021-06-13 22:35:49,728 - instabot version: 0.117.0 (bot) - DEBUG - Bot imported from D:\Anaconda\envs\tensorflow\lib\site-packages\instabot\bot\bot.py
2021-06-13 22:35:49,729 - instabot version: 0.117.0 (api_login) - INFO - Not yet logged in starting: PRE-LOGIN FLOW!
2021-06-13 22:35:50,166 - instabot version: 0.117.0 (api) - DEBUG - POST to endpoint: accounts/get_prefill_candidates/ returned response: <Response [200]>
2021-06-13 22:35:50,590 - instabot version: 0.117.0 (api) - DEBUG - POST to endpoint: qe/sync/ returned response: <Response [200]>
2021-06-13 22:35:51,001 - instabot version: 0.117.0 (api) - DEBUG - POST to endpoint: launcher/sync/ returned response: <Response [200]>
2021-06-13 22:35:51,428 - instabot version: 0.117.0 (api) - DEBUG - POST to endpoint: accounts/contact_point_prefill/ returned response: <Response [200]>
2021-06-13 22:35:53,059 - instabot version: 0.117.0 (api) - DEBUG - POST to endpoint: accounts/login/ returned response: <Response [200]>
2021-06-13 22:35:53,059 - instabot version: 0.117.0 (api) - INFO - Logged-in successfully as 'instabot00112'!
2021-06-13 22:35:53,061 - instabot version: 0.117.0 (api_login) - INFO - LOGIN FLOW! Just logged-in: True
2021-06-13 22:35:53,458 - instabot version: 0.117.0 (api) - DEBUG - POST to endpoint: qe/sync/ returned response: <Response [200]>
2021-06-13 22:35:53,861 - instabot version: 0.117.0 (api) - DEBUG - POST to endpoint: launcher/sync/ returned response: <Response [200]>
2021-06-13 22:35:54,245 - instabot version: 0.117.0 (api) - DEBUG - GET to endpoint: zr/token/result/?device_id=android-cecdafd415e2be87&token_hash=&custom_device_id=android-cecdafd415e2be87&fetch_reason=token_expired returned response: <Response [200]>
2021-06-13 22:35:54,632 - instabot version: 0.117.0 (api) - DEBUG - GET to endpoint: multiple_accounts/get_account_family/ returned response: <Response [200]>
2021-06-13 22:35:55,045 - instabot version: 0.117.0 (api) - DEBUG - POST to endpoint: qe/sync/ returned response: <Response [200]>
2021-06-13 22:35:55,682 - instabot version: 0.117.0 (api) - DEBUG - GET to endpoint: igtv/browse_feed/?prefetch=1 returned response: <Response [200]>
2021-06-13 22:35:56,061 - instabot version: 0.117.0 (api) - DEBUG - POST to endpoint: creatives/ar_class/ returned response: <Response [200]>
2021-06-13 22:35:56,538 - instabot version: 0.117.0 (api) - DEBUG - POST to endpoint: feed/reels_tray/ returned response: <Response [200]>
2021-06-13 22:36:00,190 - instabot version: 0.117.0 (api) - DEBUG - POST to endpoint: feed/timeline/ returned response: <Response [200]>
2021-06-13 22:36:00,621 - instabot version: 0.117.0 (api) - DEBUG - GET to endpoint: media/blocked/ returned response: <Response [200]>
2021-06-13 22:36:01,381 - instabot version: 0.117.0 (api) - DEBUG - GET to endpoint: news/inbox/ returned response: <Response [200]>
2021-06-13 22:36:01,799 - instabot version: 0.117.0 (api) - DEBUG - GET to endpoint: loom/fetch_config/ returned response: <Response [200]>
2021-06-13 22:36:02,269 - instabot version: 0.117.0 (api) - DEBUG - GET to endpoint: scores/bootstrap/users/?surfaces=["autocomplete_user_list","coefficient_besties_list_ranking","coefficient_rank_recipient_user_suggestion","coefficient_ios_section_test_bootstrap_ranking","coefficient_direct_recipients_ranking_variant_2"] returned response: <Response [200]>
2021-06-13 22:36:02,737 - instabot version: 0.117.0 (api) - DEBUG - GET to endpoint: business/eligibility/get_monetization_products_eligibility_data/?product_types=branded_content returned response: <Response [200]>
2021-06-13 22:36:03,117 - instabot version: 0.117.0 (api) - DEBUG - GET to endpoint: business/branded_content/should_require_professional_account/ returned response: <Response [200]>
2021-06-13 22:36:03,501 - instabot version: 0.117.0 (api) - DEBUG - GET to endpoint: linked_accounts/get_linkage_status/ returned response: <Response [200]>
2021-06-13 22:36:03,908 - instabot version: 0.117.0 (api) - DEBUG - GET to endpoint: locations/request_country/ returned response: <Response [200]>
2021-06-13 22:36:04,301 - instabot version: 0.117.0 (api) - DEBUG - GET to endpoint: qp/get_cooldowns/?signed_body=signed_body=4b9c516a5410a3bc128e09c6104a7f042146b9c2023870560c63a43a7f66781c.4&ig_sig_key_version=4&ig_sig_key_version=4 returned response: <Response [200]>
2021-06-13 22:36:04,688 - instabot version: 0.117.0 (api) - DEBUG - GET to endpoint: users/arlink_download_info/?version_override=2.2.1 returned response: <Response [200]>
2021-06-13 22:36:05,340 - instabot version: 0.117.0 (api) - DEBUG - GET to endpoint: users/48308492716/info/ returned response: <Response [200]>
2021-06-13 22:36:05,802 - instabot version: 0.117.0 (api) - DEBUG - GET to endpoint: direct_v2/get_presence/ returned response: <Response [200]>
2021-06-13 22:36:06,259 - instabot version: 0.117.0 (api) - DEBUG - GET to endpoint: direct_v2/inbox/?visual_message_return_type=unseen&thread_message_limit=10&persistentBadging=true&limit=20 returned response: <Response [200]>
2021-06-13 22:36:06,709 - instabot version: 0.117.0 (api) - DEBUG - GET to endpoint: direct_v2/inbox/?visual_message_return_type=unseen&persistentBadging=true&limit=0 returned response: <Response [200]>
2021-06-13 22:36:07,321 - instabot version: 0.117.0 (api) - DEBUG - GET to endpoint: discover/topical_explore/?is_prefetch=true&omit_cover_media=true&use_sectional_payload=true&timezone_offset=0&session_id=d5641220-ad7c-4751-a70d-f5a4df1da099&include_fixed_destinations=true returned response: <Response [200]>
2021-06-13 22:36:07,734 - instabot version: 0.117.0 (api) - DEBUG - POST to endpoint: notifications/badge/ returned response: <Response [200]>
2021-06-13 22:36:08,270 - instabot version: 0.117.0 (api) - DEBUG - POST to endpoint: qp/batch_fetch/ returned response: <Response [200]>
2021-06-13 22:36:08,273 - instabot version: 0.117.0 (bot_checkpoint) - DEBUG - Loading Checkpoint file from: C:\Users\apega\My py notes\Cool Py Scripts/config/instabot00112.checkpoint
2021-06-13 22:36:17,234 - instabot version: 0.117.0 (api) - DEBUG - GET to endpoint: feed/user/48308492716/?max_id=&min_timestamp=None&rank_token=48308492716_5b6ee34b-2274-4c05-b399-ae6e86f9df99&ranked_content=true returned response: <Response [200]>
2021-06-13 22:36:27,098 - instabot version: 0.117.0 (api) - DEBUG - GET to endpoint: feed/user/48308492716/?max_id=&min_timestamp=None&rank_token=48308492716_5b6ee34b-2274-4c05-b399-ae6e86f9df99&ranked_content=true returned response: <Response [200]>
